11:11:55: Creating resource group General
11:11:55: Creating resource group Internal
11:11:55: Creating resource group Autodetect
11:11:55: Registering ResourceManager for type Mesh
11:11:55: Registering ResourceManager for type Material
11:11:55: Registering ResourceManager for type Skeleton
11:11:55: XMLMeshSerializer reading mesh data from saturn.mesh.xml...
11:11:55: Reading geometry...
11:11:55: Geometry done...
11:11:55: Reading submeshes...
11:11:55: Submeshes done.
11:11:55: Reading mesh names...
11:11:55: Mesh names done.
11:11:55: XMLMeshSerializer import successful.
11:11:55: Reorganising vertex buffers to automatic layout..
11:11:55: MeshSerializer writing mesh data to saturn.mesh...
11:11:55: File header written.
11:11:55: Writing mesh data...
11:11:55: Writing submesh...
11:11:55: Exporting submesh texture aliases...
11:11:55: Submesh texture aliases exported.
11:11:55: Submesh exported.
11:11:55: Exporting bounds information....
11:11:55: Bounds information exported.
11:11:55: Exporting submesh name table...
11:11:55: Submesh name table exported.
11:11:55: Exporting edge lists...
11:11:55: Edge lists exported
11:11:55: Mesh data exported.
11:11:55: MeshSerializer export successful.
11:11:55: Unregistering ResourceManager for type Skeleton
11:11:55: Unregistering ResourceManager for type Material
11:11:55: Unregistering ResourceManager for type Mesh
