16:57:01: Creating resource group General
16:57:01: Creating resource group Internal
16:57:01: Creating resource group Autodetect
16:57:01: Registering ResourceManager for type Material
16:57:01: Registering ResourceManager for type Skeleton
16:57:01: Registering ResourceManager for type Mesh
16:57:01: Unrecognised target mesh version '1.9'
16:57:01: WARNING: conversion is an older format ([MeshSerializer_v1.41]); you should upgrade it as soon as possible using the OgreMeshUpgrade tool.
16:57:01: MeshSerializer writing mesh data to stream ...
16:57:01: File header written.
16:57:01: Writing mesh data...
16:57:01: Writing submesh...
16:57:01: Exporting submesh texture aliases...
16:57:01: Submesh texture aliases exported.
16:57:01: Submesh exported.
16:57:01: Writing submesh...
16:57:01: Exporting submesh texture aliases...
16:57:01: Submesh texture aliases exported.
16:57:01: Submesh exported.
16:57:01: Exporting bounds information....
16:57:01: Bounds information exported.
16:57:01: Exporting submesh name table...
16:57:01: Submesh name table exported.
16:57:01: Exporting edge lists...
16:57:01: Edge lists exported
16:57:01: Mesh data exported.
16:57:01: MeshSerializer export successful.
16:57:01: Unregistering ResourceManager for type Mesh
16:57:01: Unregistering ResourceManager for type Skeleton
16:57:01: Unregistering ResourceManager for type Material
