11:05:26: XMLMeshSerializer reading mesh data from C:\shawnee\2016au\etgg3801\labs\lab04_soln\bin\media\floor.mesh.xml...
11:05:27: Reading geometry...
11:05:27: Geometry done...
11:05:27: Reading submeshes...
11:05:27: Submeshes done.
11:05:27: Reading mesh names...
11:05:27: Mesh names done.
11:05:27: XMLMeshSerializer import successful.
11:05:27: MeshSerializer writing mesh data to stream ...
11:05:27: File header written.
11:05:27: Writing mesh data...
11:05:27: Writing submesh...
11:05:27: Exporting submesh texture aliases...
11:05:27: Submesh texture aliases exported.
11:05:27: Submesh exported.
11:05:27: Exporting bounds information....
11:05:27: Bounds information exported.
11:05:27: Exporting submesh name table...
11:05:27: Submesh name table exported.
11:05:27: Exporting edge lists...
11:05:27: Edge lists exported
11:05:27: Mesh data exported.
11:05:27: MeshSerializer export successful.
